<?xml version="1.0" encoding="UTF-8"?>
<!-- Generated by org.testng.reporters.JUnitReportReporter -->
<testsuite hostname="LAPTOP-KFK9388M" failures="0" tests="2" name="dataBaseConnection.SampleDataBaseConnection" time="12.672" errors="0" timestamp="2023-05-27T16:18:46 IST" skipped="0">
  <testcase classname="dataBaseConnection.SampleDataBaseConnection" name="main" time="6.330"/>
  <system-out/>
  <testcase classname="dataBaseConnection.SampleDataBaseConnection" name="main" time="6.342"/>
  <system-out/>
</testsuite> <!-- dataBaseConnection.SampleDataBaseConnection -->
